<?xml version="1.0" encoding="UTF-8"?>
<testsuite name="org.shahin.nazarov.questions.PancakeSortTest" tests="1" skipped="0" failures="0" errors="0" timestamp="2019-01-04T14:38:43" hostname="Asus" time="0.007">
  <properties/>
  <testcase name="test" classname="org.shahin.nazarov.questions.PancakeSortTest" time="0.007"/>
  <system-out><![CDATA[Used algorithm -> Pancake Sorting
Timer started
array { 18 22 74 64 88 12 44 60 83 97 65 29 31 76 57 23 21 31 6 94 39 95 92 7 67 95 64 1 75 93 43 32 76 51 90 4 70 95 81 62 66 82 17 74 6 78 32 24 39 43 }
array { 1 4 6 6 7 12 17 18 21 22 23 24 29 31 31 32 32 39 39 43 43 44 51 57 60 62 64 64 65 66 67 70 74 74 75 76 76 78 81 82 83 88 90 92 93 94 95 95 95 97 }
Timer stopped millis -4 

]]></system-out>
  <system-err><![CDATA[]]></system-err>
</testsuite>
